<?xml version="1.0" encoding="UTF-8"?>
<!-- Generated by org.testng.reporters.JUnitXMLReporter -->
<testsuite ignored="0" hostname="RANA" failures="0" tests="2" name="Test" time="30.192" errors="0" timestamp="2025-06-21T05:57:58 IST">
  <testcase classname="com.patinformed.testscript.HomePageTest" name="searchWithoutInputAndCalculateDateDiff" time="3.654"/>
  <testcase classname="com.patinformed.testscript.HomePageTestWithInput" name="searchWithInputAndCalculateDateDiff" time="12.834"/>
</testsuite> <!-- Test -->
