<?xml version="1.0" encoding="UTF-8"?>
<!-- Generated by org.testng.reporters.JUnitXMLReporter -->
<testsuite ignored="0" hostname="RANA" failures="0" tests="2" name="Test" time="34.101" errors="0" timestamp="2025-06-22T00:14:58 IST">
  <testcase classname="com.patinformed.testscript.HomePageTest" name="searchWithoutInputAndCalculateDateDiff" time="4.537"/>
  <testcase classname="com.patinformed.testscript.HomePageTestWithInput" name="searchWithInputAndCalculateDateDiff" time="12.923"/>
</testsuite> <!-- Test -->
