<?xml version="1.0" encoding="UTF-8"?>
<testng-results ignored="0" total="2" passed="2" failed="0" skipped="0">
  <reporter-output>
    <line>
      <![CDATA[[ Test script execution starts from here. ]]]>
    </line>
    <line>
      <![CDATA[searchWithoutInputAndCalculateDateDiff [ Test script executed successfully. ]]]>
    </line>
    <line>
      <![CDATA[[ Test script execution starts from here. ]]]>
    </line>
    <line>
      <![CDATA[searchWithInputAndCalculateDateDiff [ Test script executed successfully. ]]]>
    </line>
  </reporter-output>
  <suite started-at="2025-06-22T14:34:21 IST" name="Suite" finished-at="2025-06-22T14:34:54 IST" duration-ms="32809">
    <groups>
    </groups>
    <test started-at="2025-06-22T14:34:21 IST" name="Test" finished-at="2025-06-22T14:34:54 IST" duration-ms="32809">
      <class name="com.patinformed.testscript.HomePageTestWithInput">
        <test-method is-config="true" signature="setup()[pri:0, instance:com.patinformed.testscript.HomePageTestWithInput@1b7cc17c]" started-at="2025-06-22T14:34:35 IST" name="setup" finished-at="2025-06-22T14:34:40 IST" duration-ms="4682" status="PASS">
          <reporter-output>
          </reporter-output>
        </test-method> <!-- setup -->
        <test-method signature="searchWithInputAndCalculateDateDiff(java.lang.String)[pri:0, instance:com.patinformed.testscript.HomePageTestWithInput@1b7cc17c]" started-at="2025-06-22T14:34:40 IST" name="searchWithInputAndCalculateDateDiff" data-provider="inputText" finished-at="2025-06-22T14:34:53 IST" duration-ms="13260" status="PASS">
          <params>
            <param index="0">
              <value>
                <![CDATA[par]]>
              </value>
            </param>
          </params>
          <reporter-output>
            <line>
              <![CDATA[[ Test script execution starts from here. ]]]>
            </line>
            <line>
              <![CDATA[searchWithInputAndCalculateDateDiff [ Test script executed successfully. ]]]>
            </line>
          </reporter-output>
        </test-method> <!-- searchWithInputAndCalculateDateDiff -->
        <test-method is-config="true" signature="teardown()[pri:0, instance:com.patinformed.testscript.HomePageTestWithInput@1b7cc17c]" started-at="2025-06-22T14:34:53 IST" name="teardown" finished-at="2025-06-22T14:34:54 IST" duration-ms="686" status="PASS">
          <reporter-output>
          </reporter-output>
        </test-method> <!-- teardown -->
      </class> <!-- com.patinformed.testscript.HomePageTestWithInput -->
      <class name="com.patinformed.testscript.HomePageTest">
        <test-method is-config="true" signature="setup()[pri:0, instance:com.patinformed.testscript.HomePageTest@c8c12ac]" started-at="2025-06-22T14:34:22 IST" name="setup" finished-at="2025-06-22T14:34:30 IST" duration-ms="8213" status="PASS">
          <reporter-output>
          </reporter-output>
        </test-method> <!-- setup -->
        <test-method signature="searchWithoutInputAndCalculateDateDiff()[pri:0, instance:com.patinformed.testscript.HomePageTest@c8c12ac]" started-at="2025-06-22T14:34:30 IST" name="searchWithoutInputAndCalculateDateDiff" finished-at="2025-06-22T14:34:35 IST" duration-ms="4848" status="PASS">
          <reporter-output>
            <line>
              <![CDATA[[ Test script execution starts from here. ]]]>
            </line>
            <line>
              <![CDATA[searchWithoutInputAndCalculateDateDiff [ Test script executed successfully. ]]]>
            </line>
          </reporter-output>
        </test-method> <!-- searchWithoutInputAndCalculateDateDiff -->
        <test-method is-config="true" signature="teardown()[pri:0, instance:com.patinformed.testscript.HomePageTest@c8c12ac]" started-at="2025-06-22T14:34:35 IST" name="teardown" finished-at="2025-06-22T14:34:35 IST" duration-ms="435" status="PASS">
          <reporter-output>
          </reporter-output>
        </test-method> <!-- teardown -->
      </class> <!-- com.patinformed.testscript.HomePageTest -->
    </test> <!-- Test -->
  </suite> <!-- Suite -->
</testng-results>
