<?xml version="1.0" encoding="UTF-8"?>
<testng-results ignored="0" total="2" passed="2" failed="0" skipped="0">
  <reporter-output>
    <line>
      <![CDATA[[ Test script execution starts from here. ]]]>
    </line>
    <line>
      <![CDATA[searchWithoutInputAndCalculateDateDiff [ Test script executed successfully. ]]]>
    </line>
    <line>
      <![CDATA[[ Test script execution starts from here. ]]]>
    </line>
    <line>
      <![CDATA[searchWithInputAndCalculateDateDiff [ Test script executed successfully. ]]]>
    </line>
  </reporter-output>
  <suite started-at="2025-06-22T00:14:23 IST" name="Suite" finished-at="2025-06-22T00:14:57 IST" duration-ms="34101">
    <groups>
    </groups>
    <test started-at="2025-06-22T00:14:23 IST" name="Test" finished-at="2025-06-22T00:14:57 IST" duration-ms="34101">
      <class name="com.patinformed.testscript.HomePageTestWithInput">
        <test-method is-config="true" signature="setup()[pri:0, instance:com.patinformed.testscript.HomePageTestWithInput@4efbca5a]" started-at="2025-06-22T00:14:39 IST" name="setup" finished-at="2025-06-22T00:14:44 IST" duration-ms="5219" status="PASS">
          <reporter-output>
          </reporter-output>
        </test-method> <!-- setup -->
        <test-method signature="searchWithInputAndCalculateDateDiff()[pri:0, instance:com.patinformed.testscript.HomePageTestWithInput@4efbca5a]" started-at="2025-06-22T00:14:44 IST" name="searchWithInputAndCalculateDateDiff" finished-at="2025-06-22T00:14:57 IST" duration-ms="12923" status="PASS">
          <reporter-output>
            <line>
              <![CDATA[[ Test script execution starts from here. ]]]>
            </line>
            <line>
              <![CDATA[searchWithInputAndCalculateDateDiff [ Test script executed successfully. ]]]>
            </line>
          </reporter-output>
        </test-method> <!-- searchWithInputAndCalculateDateDiff -->
        <test-method is-config="true" signature="teardown()[pri:0, instance:com.patinformed.testscript.HomePageTestWithInput@4efbca5a]" started-at="2025-06-22T00:14:57 IST" name="teardown" finished-at="2025-06-22T00:14:57 IST" duration-ms="436" status="PASS">
          <reporter-output>
          </reporter-output>
        </test-method> <!-- teardown -->
      </class> <!-- com.patinformed.testscript.HomePageTestWithInput -->
      <class name="com.patinformed.testscript.HomePageTest">
        <test-method is-config="true" signature="setup()[pri:0, instance:com.patinformed.testscript.HomePageTest@1623b78d]" started-at="2025-06-22T00:14:24 IST" name="setup" finished-at="2025-06-22T00:14:34 IST" duration-ms="9679" status="PASS">
          <reporter-output>
          </reporter-output>
        </test-method> <!-- setup -->
        <test-method signature="searchWithoutInputAndCalculateDateDiff()[pri:0, instance:com.patinformed.testscript.HomePageTest@1623b78d]" started-at="2025-06-22T00:14:34 IST" name="searchWithoutInputAndCalculateDateDiff" finished-at="2025-06-22T00:14:38 IST" duration-ms="4537" status="PASS">
          <reporter-output>
            <line>
              <![CDATA[[ Test script execution starts from here. ]]]>
            </line>
            <line>
              <![CDATA[searchWithoutInputAndCalculateDateDiff [ Test script executed successfully. ]]]>
            </line>
          </reporter-output>
        </test-method> <!-- searchWithoutInputAndCalculateDateDiff -->
        <test-method is-config="true" signature="teardown()[pri:0, instance:com.patinformed.testscript.HomePageTest@1623b78d]" started-at="2025-06-22T00:14:38 IST" name="teardown" finished-at="2025-06-22T00:14:39 IST" duration-ms="430" status="PASS">
          <reporter-output>
          </reporter-output>
        </test-method> <!-- teardown -->
      </class> <!-- com.patinformed.testscript.HomePageTest -->
    </test> <!-- Test -->
  </suite> <!-- Suite -->
</testng-results>
